<?xml version="1.0" encoding="UTF-8"?>
<!-- Generated by org.testng.reporters.JUnitReportReporter -->
<testsuite skipped="0" hostname="DESKTOP-G5O3F3J" name="testCases.NotificationServerTest" tests="1" failures="0" timestamp="03 Oct 2017 04:59:21 GMT" time="16.715" errors="0">
  <testcase name="addnotificationserver" time="16.715" classname="testCases.NotificationServerTest"/>
</testsuite> <!-- testCases.NotificationServerTest -->
