<?xml version="1.0" encoding="UTF-8"?>
<!-- Generated by org.testng.reporters.JUnitReportReporter -->
<testsuite skipped="0" hostname="DESKTOP-G5O3F3J" name="testCases.LogsTest" tests="1" failures="0" timestamp="03 Oct 2017 04:59:21 GMT" time="11.550" errors="0">
  <testcase name="change_log_level" time="11.550" classname="testCases.LogsTest"/>
</testsuite> <!-- testCases.LogsTest -->
