<?xml version="1.0" encoding="UTF-8"?>
<!-- Generated by org.testng.reporters.JUnitReportReporter -->
<testsuite skipped="0" hostname="DESKTOP-G5O3F3J" name="testCases.ConfigTabTest" tests="2" failures="0" timestamp="26 Sep 2017 07:15:47 GMT" time="23.761" errors="0">
  <testcase name="add_sched_policy" time="11.829" classname="testCases.ConfigTabTest"/>
  <testcase name="del_sched" time="11.932" classname="testCases.ConfigTabTest"/>
</testsuite> <!-- testCases.ConfigTabTest -->
