<?xml version="1.0" encoding="UTF-8"?>
<!-- Generated by org.testng.reporters.JUnitReportReporter -->
<testsuite skipped="0" hostname="DESKTOP-G5O3F3J" name="testCases.SettingsTabTest" tests="1" failures="0" timestamp="23 Sep 2017 19:52:03 GMT" time="7.820" errors="0">
  <testcase name="addnotificationserver" time="7.820" classname="testCases.SettingsTabTest"/>
</testsuite> <!-- testCases.SettingsTabTest -->
